<?xml version="1.0" encoding="UTF-8"?>
<!-- Generated by org.testng.reporters.JUnitReportReporter -->
<testsuite hostname="Puja-DESKTOP-RHKM7B4" name="TestsScripts.InvalidLoginTest" tests="1" failures="0" timestamp="3 Apr 2023 12:02:33 GMT" time="18.293" errors="0">
  <testcase name="InvalidLogin" time="18.293" classname="TestsScripts.InvalidLoginTest"/>
</testsuite> <!-- TestsScripts.InvalidLoginTest -->
