<?xml version="1.0" encoding="UTF-8"?>
<!-- Generated by org.testng.reporters.JUnitReportReporter -->
<testsuite hostname="Puja-DESKTOP-RHKM7B4" name="TestsScripts.LoginTest" tests="1" failures="0" timestamp="2 Apr 2023 07:21:05 GMT" time="5.183" errors="0">
  <testcase name="ValidLogin" time="5.183" classname="TestsScripts.LoginTest"/>
</testsuite> <!-- TestsScripts.LoginTest -->
