<?xml version="1.0" encoding="UTF-8"?>
<!-- Generated by org.testng.reporters.JUnitReportReporter -->
<testsuite hostname="Puja-DESKTOP-RHKM7B4" name="TestsScripts.ValidLoginTest" tests="4" failures="0" timestamp="2 Apr 2023 11:19:28 GMT" time="3.661" errors="0">
  <testcase name="validateThanksMessage" time="0.894" classname="TestsScripts.ValidLoginTest"/>
  <testcase name="ValidLogin" time="0.613" classname="TestsScripts.ValidLoginTest"/>
  <testcase name="ValidLogin" time="0.573" classname="TestsScripts.ValidLoginTest"/>
  <testcase name="validateThanksMessage" time="1.581" classname="TestsScripts.ValidLoginTest"/>
</testsuite> <!-- TestsScripts.ValidLoginTest -->
