<?xml version="1.0" encoding="UTF-8"?>
<!-- Generated by org.testng.reporters.JUnitReportReporter -->
<testsuite hostname="Puja-DESKTOP-RHKM7B4" name="TestsScripts.ValidLoginTest" tests="2" failures="0" timestamp="3 Apr 2023 08:31:04 GMT" time="21.112" errors="0">
  <testcase name="ValidLogin1" time="11.395" classname="TestsScripts.ValidLoginTest"/>
  <testcase name="ValidLogin1" time="9.717" classname="TestsScripts.ValidLoginTest"/>
</testsuite> <!-- TestsScripts.ValidLoginTest -->
