<?xml version="1.0" encoding="UTF-8"?>
<!-- Generated by org.testng.reporters.JUnitReportReporter -->
<testsuite hostname="Puja-DESKTOP-RHKM7B4" name="TestsScripts.ValidLoginTest" tests="2" failures="0" timestamp="3 Apr 2023 16:21:02 GMT" time="37.606" errors="0">
  <testcase name="ValidLogin1" time="23.408" classname="TestsScripts.ValidLoginTest"/>
  <testcase name="ValidLogin1" time="14.198" classname="TestsScripts.ValidLoginTest"/>
</testsuite> <!-- TestsScripts.ValidLoginTest -->
