<?xml version="1.0" encoding="UTF-8"?>
<!-- Generated by org.testng.reporters.JUnitReportReporter -->
<testsuite hostname="Puja-DESKTOP-RHKM7B4" name="TestsScripts.InvalidLoginTest" tests="2" failures="0" timestamp="3 Apr 2023 12:32:06 GMT" time="9.896" errors="0">
  <testcase name="zmavenEx" time="3.207" classname="TestsScripts.InvalidLoginTest"/>
  <testcase name="InvalidLogin" time="6.689" classname="TestsScripts.InvalidLoginTest"/>
</testsuite> <!-- TestsScripts.InvalidLoginTest -->
