<?xml version="1.0" encoding="UTF-8"?>
<!-- Generated by org.testng.reporters.JUnitReportReporter -->
<testsuite hostname="Puja-DESKTOP-RHKM7B4" name="TestsScripts.InvalidLoginTest" tests="2" failures="0" timestamp="3 Apr 2023 16:21:02 GMT" time="25.984" errors="0">
  <testcase name="InvalidLogin" time="18.366" classname="TestsScripts.InvalidLoginTest"/>
  <testcase name="zmavenEx" time="7.618" classname="TestsScripts.InvalidLoginTest"/>
</testsuite> <!-- TestsScripts.InvalidLoginTest -->
